<?xml version="1.0" encoding="UTF-8"?>
<!-- Generated by org.testng.reporters.JUnitXMLReporter -->
<testsuite ignored="0" hostname="LAPTOP-VBB4QLS0" failures="0" tests="3" name="Assignment Programs" time="149.469" errors="0" timestamp="2023-09-24T14:05:28 CDT">
  <testcase classname="com.qa.problems.Problem1" name="excelReader" time="1.685"/>
  <testcase classname="com.qa.problems.Problem3" name="MakeMyTrip" time="46.614"/>
  <testcase classname="io.cucumber.testng.AbstractTestNGCucumberTests" name="runScenario" time="89.907"/>
</testsuite> <!-- Assignment Programs -->
