<?xml version="1.0" encoding="UTF-8"?>
<testng-results ignored="0" total="3" passed="3" failed="0" skipped="0">
  <reporter-output>
  </reporter-output>
  <suite started-at="2023-09-24T14:02:59 CDT" name="SDET Intermediate Comprehensive Assignment Suite" finished-at="2023-09-24T14:05:28 CDT" duration-ms="149469">
    <groups>
      <group name="cucumber">
        <method signature="AbstractTestNGCucumberTests.runScenario(io.cucumber.testng.PickleWrapper,io.cucumber.testng.FeatureWrapper)[pri:0, instance:com.qa.problems.TestRunner@d554c5f]" name="runScenario" class="io.cucumber.testng.AbstractTestNGCucumberTests"/>
      </group> <!-- cucumber -->
    </groups>
    <test started-at="2023-09-24T14:02:59 CDT" name="Assignment Programs" finished-at="2023-09-24T14:05:28 CDT" duration-ms="149469">
      <class name="com.qa.problems.Problem1">
        <test-method signature="excelReader()[pri:0, instance:com.qa.problems.Problem1@723ca036]" started-at="2023-09-24T14:02:59 CDT" name="excelReader" finished-at="2023-09-24T14:03:00 CDT" duration-ms="1685" status="PASS">
          <reporter-output>
          </reporter-output>
        </test-method> <!-- excelReader -->
      </class> <!-- com.qa.problems.Problem1 -->
      <class name="com.qa.problems.Problem3">
        <test-method is-config="true" signature="LaunchBrowser()[pri:0, instance:com.qa.problems.Problem3@1a245833]" started-at="2023-09-24T14:03:00 CDT" name="LaunchBrowser" finished-at="2023-09-24T14:03:05 CDT" duration-ms="4819" status="PASS">
          <reporter-output>
          </reporter-output>
        </test-method> <!-- LaunchBrowser -->
        <test-method signature="MakeMyTrip()[pri:0, instance:com.qa.problems.Problem3@1a245833]" started-at="2023-09-24T14:03:05 CDT" name="MakeMyTrip" finished-at="2023-09-24T14:03:52 CDT" duration-ms="46614" status="PASS">
          <reporter-output>
          </reporter-output>
        </test-method> <!-- MakeMyTrip -->
        <test-method is-config="true" signature="closeBrowser()[pri:0, instance:com.qa.problems.Problem3@1a245833]" started-at="2023-09-24T14:03:52 CDT" name="closeBrowser" finished-at="2023-09-24T14:03:55 CDT" duration-ms="3362" status="PASS">
          <reporter-output>
          </reporter-output>
        </test-method> <!-- closeBrowser -->
      </class> <!-- com.qa.problems.Problem3 -->
      <class name="com.qa.problems.TestRunner">
        <test-method is-config="true" signature="setUpClass(org.testng.ITestContext)[pri:0, instance:com.qa.problems.TestRunner@d554c5f]" started-at="2023-09-24T14:03:55 CDT" name="setUpClass" finished-at="2023-09-24T14:03:58 CDT" duration-ms="2860" status="PASS">
          <params>
            <param index="0">
              <value>
                <![CDATA[org.testng.TestRunner@1ad1be5d]]>
              </value>
            </param>
          </params>
          <reporter-output>
          </reporter-output>
        </test-method> <!-- setUpClass -->
        <test-method signature="runScenario(io.cucumber.testng.PickleWrapper,io.cucumber.testng.FeatureWrapper)[pri:0, instance:com.qa.problems.TestRunner@d554c5f]" started-at="2023-09-24T14:03:58 CDT" name="runScenario" description="Runs Cucumber Scenarios" data-provider="scenarios" finished-at="2023-09-24T14:05:28 CDT" duration-ms="89907" status="PASS">
          <params>
            <param index="0">
              <value>
                <![CDATA["Search Hyderabad to MAA flights"]]>
              </value>
            </param>
            <param index="1">
              <value>
                <![CDATA["F1"]]>
              </value>
            </param>
          </params>
          <reporter-output>
          </reporter-output>
        </test-method> <!-- runScenario -->
        <test-method is-config="true" signature="tearDownClass()[pri:0, instance:com.qa.problems.TestRunner@d554c5f]" started-at="2023-09-24T14:05:28 CDT" name="tearDownClass" finished-at="2023-09-24T14:05:28 CDT" duration-ms="109" status="PASS">
          <reporter-output>
          </reporter-output>
        </test-method> <!-- tearDownClass -->
      </class> <!-- com.qa.problems.TestRunner -->
    </test> <!-- Assignment Programs -->
  </suite> <!-- SDET Intermediate Comprehensive Assignment Suite -->
</testng-results>
