<?xml version="1.0" encoding="UTF-8"?>
<!-- Generated by org.testng.reporters.JUnitXMLReporter -->
<testsuite ignored="4" hostname="LAPTOP-VBB4QLS0" failures="0" tests="3" name="Assignment Programs" time="8.548" errors="0" timestamp="2023-10-07T10:44:37 CDT">
  <testcase classname="com.qa.problems.CaseStudy1_UC1" name="useCaseOne" time="3.99"/>
  <testcase classname="com.qa.problems.CaseStudy1_UC2And5" name="useCaseTwo" time="1.758"/>
  <testcase classname="com.qa.problems.CaseStudy1_UC3And6" name="useCaseThree" time="0.991"/>
  <testcase classname="com.qa.problems.GenericFunctions" name="@BeforeSuite LaunchBrowser" time="0.0">
    <ignored/>
  </testcase> <!-- @BeforeSuite LaunchBrowser -->
  <testcase classname="com.qa.problems.GenericFunctions" name="@BeforeSuite LaunchBrowser" time="0.0">
    <ignored/>
  </testcase> <!-- @BeforeSuite LaunchBrowser -->
  <testcase classname="com.qa.problems.GenericFunctions" name="@AfterSuite closeBrowser" time="0.0">
    <ignored/>
  </testcase> <!-- @AfterSuite closeBrowser -->
  <testcase classname="com.qa.problems.GenericFunctions" name="@AfterSuite closeBrowser" time="0.0">
    <ignored/>
  </testcase> <!-- @AfterSuite closeBrowser -->
</testsuite> <!-- Assignment Programs -->
