<?xml version="1.0" encoding="UTF-8"?>
<testng-results ignored="0" total="2" passed="2" failed="0" skipped="0">
  <reporter-output>
  </reporter-output>
  <suite started-at="2023-09-17T09:41:43 CDT" name="SDET Intermediate Comprehensive Assignment Suite" finished-at="2023-09-17T09:42:38 CDT" duration-ms="55059">
    <groups>
    </groups>
    <test started-at="2023-09-17T09:41:43 CDT" name="Assignment Programs" finished-at="2023-09-17T09:42:38 CDT" duration-ms="55059">
      <class name="com.qa.testrunner.Problem2">
        <test-method is-config="true" signature="LaunchBrowser()[pri:0, instance:com.qa.testrunner.Problem2@79e4c792]" started-at="2023-09-17T09:41:43 CDT" name="LaunchBrowser" finished-at="2023-09-17T09:41:47 CDT" duration-ms="4504" status="PASS">
          <reporter-output>
          </reporter-output>
        </test-method> <!-- LaunchBrowser -->
        <test-method signature="MakeMyTrip()[pri:0, instance:com.qa.testrunner.Problem2@79e4c792]" started-at="2023-09-17T09:41:47 CDT" name="MakeMyTrip" finished-at="2023-09-17T09:42:34 CDT" duration-ms="47066" status="PASS">
          <reporter-output>
          </reporter-output>
        </test-method> <!-- MakeMyTrip -->
        <test-method is-config="true" signature="closeBrowser()[pri:0, instance:com.qa.testrunner.Problem2@79e4c792]" started-at="2023-09-17T09:42:34 CDT" name="closeBrowser" finished-at="2023-09-17T09:42:37 CDT" duration-ms="2318" status="PASS">
          <reporter-output>
          </reporter-output>
        </test-method> <!-- closeBrowser -->
      </class> <!-- com.qa.testrunner.Problem2 -->
      <class name="com.qa.testrunner.Problem1">
        <test-method signature="excelReader()[pri:0, instance:com.qa.testrunner.Problem1@4d1c005e]" started-at="2023-09-17T09:42:37 CDT" name="excelReader" finished-at="2023-09-17T09:42:38 CDT" duration-ms="1063" status="PASS">
          <reporter-output>
          </reporter-output>
        </test-method> <!-- excelReader -->
      </class> <!-- com.qa.testrunner.Problem1 -->
    </test> <!-- Assignment Programs -->
  </suite> <!-- SDET Intermediate Comprehensive Assignment Suite -->
</testng-results>
